MySQL connected
Error starting server: Error
    at Query.run (/home/manish/ITAM_Project/backend/node_modules/sequelize/lib/dialects/mysql/query.js:52:25)
    at /home/manish/ITAM_Project/backend/node_modules/sequelize/lib/sequelize.js:315:28
    at async Role.sync (/home/manish/ITAM_Project/backend/node_modules/sequelize/lib/model.js:984:11)
    at async startServer (/home/manish/ITAM_Project/backend/src/server.js:89:5) {
  name: 'SequelizeDatabaseError',
  parent: Error: Too many keys specified; max 64 keys allowed
      at Packet.asError (/home/manish/ITAM_Project/backend/node_modules/mysql2/lib/packets/packet.js:740:17)
      at Query.execute (/home/manish/ITAM_Project/backend/node_modules/mysql2/lib/commands/command.js:29:26)
      at Connection.handlePacket (/home/manish/ITAM_Project/backend/node_modules/mysql2/lib/base/connection.js:508:34)
      at PacketParser.onPacket (/home/manish/ITAM_Project/backend/node_modules/mysql2/lib/base/connection.js:93:12)
      at PacketParser.executeStart (/home/manish/ITAM_Project/backend/node_modules/mysql2/lib/packet_parser.js:75:16)
      at Socket.<anonymous> (/home/manish/ITAM_Project/backend/node_modules/mysql2/lib/base/connection.js:100:25)
      at Socket.emit (node:events:517:28)
      at addChunk (node:internal/streams/readable:368:12)
      at readableAddChunk (node:internal/streams/readable:341:9)
      at Readable.push (node:internal/streams/readable:278:10) {
    code: 'ER_TOO_MANY_KEYS',
    errno: 1069,
    sqlState: '42000',
    sqlMessage: 'Too many keys specified; max 64 keys allowed',
    sql: 'ALTER TABLE `Roles` CHANGE `name` `name` VARCHAR(255) NOT NULL UNIQUE;',
    parameters: undefined
  },
  original: Error: Too many keys specified; max 64 keys allowed
      at Packet.asError (/home/manish/ITAM_Project/backend/node_modules/mysql2/lib/packets/packet.js:740:17)
      at Query.execute (/home/manish/ITAM_Project/backend/node_modules/mysql2/lib/commands/command.js:29:26)
      at Connection.handlePacket (/home/manish/ITAM_Project/backend/node_modules/mysql2/lib/base/connection.js:508:34)
      at PacketParser.onPacket (/home/manish/ITAM_Project/backend/node_modules/mysql2/lib/base/connection.js:93:12)
      at PacketParser.executeStart (/home/manish/ITAM_Project/backend/node_modules/mysql2/lib/packet_parser.js:75:16)
      at Socket.<anonymous> (/home/manish/ITAM_Project/backend/node_modules/mysql2/lib/base/connection.js:100:25)
      at Socket.emit (node:events:517:28)
      at addChunk (node:internal/streams/readable:368:12)
      at readableAddChunk (node:internal/streams/readable:341:9)
      at Readable.push (node:internal/streams/readable:278:10) {
    code: 'ER_TOO_MANY_KEYS',
    errno: 1069,
    sqlState: '42000',
    sqlMessage: 'Too many keys specified; max 64 keys allowed',
    sql: 'ALTER TABLE `Roles` CHANGE `name` `name` VARCHAR(255) NOT NULL UNIQUE;',
    parameters: undefined
  },
  sql: 'ALTER TABLE `Roles` CHANGE `name` `name` VARCHAR(255) NOT NULL UNIQUE;',
  parameters: {}
}
